{"/Users/ruslansencenko/Documents/WEB/my_project/2023/wep-mini-project/src/features/AuthByUsername/model/selectros/getLoginError/getLoginError.ts": {"path":"/Users/ruslansencenko/Documents/WEB/my_project/2023/wep-mini-project/src/features/AuthByUsername/model/selectros/getLoginError/getLoginError.ts","statementMap":{"0":{"start":{"line":3,"column":29},"end":{"line":3,"column":96}},"1":{"start":{"line":3,"column":73},"end":{"line":3,"column":96}}},"fnMap":{"0":{"name":"(anonymous_0)","decl":{"start":{"line":3,"column":29},"end":{"line":3,"column":30}},"loc":{"start":{"line":3,"column":73},"end":{"line":3,"column":96}},"line":3}},"branchMap":{},"s":{"0":1,"1":3},"f":{"0":3},"b":{},"_coverageSchema":"1a1c01bbd47fc00a2c39e90264f33305004495a9","hash":"b6c354ed749f0f7e028ceb201b837b5f8339ded7"}
}
